2022-03-12T11:23:32.485Z [INFO] [Database] Database connected 🔥 on development mode...
2022-03-12T11:23:32.491Z [INFO] [Bootstrap] Server running 🚀 on port:3000 in development mode...
2022-03-12T11:23:59.324Z [INFO] [Database] Database connected 🔥 on development mode...
2022-03-12T11:23:59.329Z [INFO] [Bootstrap] Server running 🚀 on port:3000 in development mode...
2022-03-12T11:24:13.630Z [INFO] [Database] Database connected 🔥 on development mode...
2022-03-12T11:24:13.635Z [INFO] [Bootstrap] Server running 🚀 on port:3000 in development mode...
2022-03-12T11:24:16.850Z [INFO] [Database] Database connected 🔥 on development mode...
2022-03-12T11:24:16.856Z [INFO] [Bootstrap] Server running 🚀 on port:3000 in development mode...
2022-03-12T11:24:19.728Z [INFO] [Database] Database connected 🔥 on development mode...
2022-03-12T11:24:19.734Z [INFO] [Bootstrap] Server running 🚀 on port:3000 in development mode...
2022-03-12T11:24:33.687Z [INFO] [Database] Database connected 🔥 on development mode...
2022-03-12T11:24:33.692Z [INFO] [Bootstrap] Server running 🚀 on port:3000 in development mode...
2022-03-12T11:24:53.755Z [INFO] [Database] Database connected 🔥 on development mode...
2022-03-12T11:24:53.761Z [INFO] [Bootstrap] Server running 🚀 on port:3000 in development mode...
2022-03-12T11:25:02.761Z [INFO] [Database] Database connected 🔥 on development mode...
2022-03-12T11:25:02.767Z [INFO] [Bootstrap] Server running 🚀 on port:3000 in development mode...
2022-03-12T11:26:31.699Z [INFO] [Database] Database connected 🔥 on development mode...
2022-03-12T11:26:31.705Z [INFO] [Bootstrap] Server running 🚀 on port:3000 in development mode...
2022-03-12T11:27:49.301Z [INFO] [Database] Database connected 🔥 on development mode...
2022-03-12T11:27:49.307Z [INFO] [Bootstrap] Server running 🚀 on port:3000 in development mode...
2022-03-12T11:46:26.636Z [INFO] [Database] Database connected 🔥 on development mode...
2022-03-12T11:46:26.641Z [INFO] [Bootstrap] Server running 🚀 on port:3000 in development mode...
2022-03-12T11:47:13.598Z [INFO] [Database] Database connected 🔥 on development mode...
2022-03-12T11:47:13.605Z [INFO] [Bootstrap] Server running 🚀 on port:3000 in development mode...
2022-03-12T11:47:22.617Z [INFO] [Database] Database connected 🔥 on development mode...
2022-03-12T11:47:22.623Z [INFO] [Bootstrap] Server running 🚀 on port:3000 in development mode...
2022-03-12T11:47:35.744Z [ERROR] UNCAUGHT EXCEPTION! Error: Cannot find module '@config'
Require stack:
- /home/amit/Documents/Amit/amit/nodejs-sequlize-bolierplate/index.js
2022-03-12T11:47:45.322Z [ERROR] UNCAUGHT EXCEPTION! Error: Cannot find module '@/config'
Require stack:
- /home/amit/Documents/Amit/amit/nodejs-sequlize-bolierplate/index.js
2022-03-12T11:47:50.049Z [INFO] [Database] Database connected 🔥 on development mode...
2022-03-12T11:47:50.054Z [INFO] [Bootstrap] Server running 🚀 on port:3000 in development mode...
2022-03-12T11:48:18.317Z [INFO] [Database] Database connected 🔥 on development mode...
2022-03-12T11:48:18.324Z [INFO] [Bootstrap] Server running 🚀 on port:3000 in development mode...
2022-03-12T11:48:25.186Z [ERROR] UNCAUGHT EXCEPTION! Error: Cannot find module '@config'
Require stack:
- /home/amit/Documents/Amit/amit/nodejs-sequlize-bolierplate/index.js
2022-03-12T11:48:37.630Z [ERROR] UNCAUGHT EXCEPTION! Error: Cannot find module '@/config'
Require stack:
- /home/amit/Documents/Amit/amit/nodejs-sequlize-bolierplate/index.js
2022-03-12T11:48:42.238Z [INFO] [Database] Database connected 🔥 on development mode...
2022-03-12T11:48:42.244Z [INFO] [Bootstrap] Server running 🚀 on port:3000 in development mode...
2022-03-12T12:08:14.231Z [INFO] [Database] Database connected 🔥 on development mode...
2022-03-12T12:08:14.236Z [INFO] [Bootstrap] Server running 🚀 on port:3000 in development mode...
2022-03-12T12:15:18.713Z [INFO] [Database] Database connected 🔥 on development mode...
2022-03-12T12:15:18.719Z [INFO] [Bootstrap] Server running 🚀 on port:3000 in development mode...
2022-03-12T12:15:52.348Z [INFO] [Database] Database connected 🔥 on development mode...
2022-03-12T12:15:52.353Z [INFO] [Bootstrap] Server running 🚀 on port:3000 in development mode...
2022-03-12T12:16:26.430Z [INFO] [Database] Database connected 🔥 on development mode...
2022-03-12T12:16:26.437Z [INFO] [Bootstrap] Server running 🚀 on port:3000 in development mode...
2022-03-12T12:16:39.139Z [INFO] [Database] Database connected 🔥 on development mode...
2022-03-12T12:16:39.144Z [INFO] [Bootstrap] Server running 🚀 on port:3000 in development mode...
2022-03-12T12:21:24.142Z [INFO] [Database] Database connected 🔥 on development mode...
2022-03-12T12:21:24.148Z [INFO] [Bootstrap] Server running 🚀 on port:3000 in development mode...
2022-03-12T12:24:18.410Z [INFO] [Database] Database connected 🔥 on development mode...
2022-03-12T12:24:18.414Z [INFO] [Bootstrap] Server running 🚀 on port:3000 in development mode...
2022-03-12T12:24:26.128Z [INFO] [Database] Database connected 🔥 on development mode...
2022-03-12T12:24:26.133Z [INFO] [Bootstrap] Server running 🚀 on port:3000 in development mode...
2022-03-12T12:25:30.986Z [INFO] [Database] Database connected 🔥 on development mode...
2022-03-12T12:25:30.992Z [INFO] [Bootstrap] Server running 🚀 on port:3000 in development mode...
2022-03-12T12:25:44.602Z [ERROR] 404 - /api/v2/user/role [POST] - Can't find /api/v2/user/role on this server! 
2022-03-12T12:26:01.494Z [INFO] [Database] Database connected 🔥 on development mode...
2022-03-12T12:26:01.499Z [INFO] [Bootstrap] Server running 🚀 on port:3000 in development mode...
2022-03-12T12:26:08.632Z [ERROR] 404 - /api/v2/user/role [POST] - Can't find /api/v2/user/role on this server! 
2022-03-12T12:26:39.983Z [INFO] [Database] Database connected 🔥 on development mode...
2022-03-12T12:26:39.989Z [INFO] [Bootstrap] Server running 🚀 on port:3000 in development mode...
2022-03-12T12:27:22.620Z [INFO] [Database] Database connected 🔥 on development mode...
2022-03-12T12:27:22.625Z [INFO] [Bootstrap] Server running 🚀 on port:3000 in development mode...
2022-03-12T12:27:42.142Z [INFO] [Database] Database connected 🔥 on development mode...
2022-03-12T12:27:42.148Z [INFO] [Bootstrap] Server running 🚀 on port:3000 in development mode...
2022-03-12T12:27:48.073Z [ERROR] 401 - /api/v1/user/role [POST] - You are not logged in! Please log in to get access. 
2022-03-12T12:28:03.513Z [INFO] [Database] Database connected 🔥 on development mode...
2022-03-12T12:28:03.519Z [INFO] [Bootstrap] Server running 🚀 on port:3000 in development mode...
2022-03-12T12:28:07.351Z [ERROR] UNCAUGHT REJECTION! Error: "user_role" is required
2022-03-12T12:29:09.731Z [INFO] [Database] Database connected 🔥 on development mode...
2022-03-12T12:29:09.736Z [INFO] [Bootstrap] Server running 🚀 on port:3000 in development mode...
2022-03-12T12:29:13.898Z [INFO] [Database] Database connected 🔥 on development mode...
2022-03-12T12:29:13.903Z [INFO] [Bootstrap] Server running 🚀 on port:3000 in development mode...
2022-03-12T12:29:37.708Z [INFO] [Database] Database connected 🔥 on development mode...
2022-03-12T12:29:37.714Z [INFO] [Bootstrap] Server running 🚀 on port:3000 in development mode...
2022-03-12T12:29:49.781Z [INFO] [Database] Database connected 🔥 on development mode...
2022-03-12T12:29:49.786Z [INFO] [Bootstrap] Server running 🚀 on port:3000 in development mode...
2022-03-12T12:29:54.158Z [ERROR] 422 - /api/v1/user/role [POST] - "user_role" is required 
2022-03-12T12:30:13.224Z [INFO] [Database] Database connected 🔥 on development mode...
2022-03-12T12:30:13.229Z [INFO] [Bootstrap] Server running 🚀 on port:3000 in development mode...
2022-03-12T12:30:20.020Z [INFO] [Database] Database connected 🔥 on development mode...
2022-03-12T12:30:20.030Z [INFO] [Bootstrap] Server running 🚀 on port:3000 in development mode...
2022-03-12T12:30:25.146Z [ERROR] 422 - /api/v1/user/role [POST] - "user_role" is required 
2022-03-12T12:30:32.299Z [INFO] [Database] Database connected 🔥 on development mode...
2022-03-12T12:30:32.306Z [INFO] [Bootstrap] Server running 🚀 on port:3000 in development mode...
2022-03-12T12:30:36.255Z [ERROR] 500 - /api/v1/user/role [POST] - Cannot read property 'findOne' of undefined 
2022-03-12T12:31:11.889Z [INFO] [Database] Database connected 🔥 on development mode...
2022-03-12T12:31:11.894Z [INFO] [Bootstrap] Server running 🚀 on port:3000 in development mode...
2022-03-12T12:31:21.809Z [ERROR] 500 - /api/v1/user/role [POST] - Cannot read property 'findOne' of undefined 
2022-03-12T12:31:39.934Z [INFO] [Database] Database connected 🔥 on development mode...
2022-03-12T12:31:39.940Z [INFO] [Bootstrap] Server running 🚀 on port:3000 in development mode...
2022-03-12T12:31:54.478Z [INFO] [Database] Database connected 🔥 on development mode...
2022-03-12T12:31:54.485Z [INFO] [Bootstrap] Server running 🚀 on port:3000 in development mode...
2022-03-12T12:32:07.179Z [INFO] [Database] Database connected 🔥 on development mode...
2022-03-12T12:32:07.185Z [INFO] [Bootstrap] Server running 🚀 on port:3000 in development mode...
2022-03-12T12:32:13.640Z [INFO] [Database] Database connected 🔥 on development mode...
2022-03-12T12:32:13.644Z [INFO] [Bootstrap] Server running 🚀 on port:3000 in development mode...
2022-03-12T12:32:22.541Z [INFO] [Database] Database connected 🔥 on development mode...
2022-03-12T12:32:22.546Z [INFO] [Bootstrap] Server running 🚀 on port:3000 in development mode...
2022-03-12T12:32:41.135Z [INFO] [Database] Database connected 🔥 on development mode...
2022-03-12T12:32:41.141Z [INFO] [Bootstrap] Server running 🚀 on port:3000 in development mode...
2022-03-12T12:33:07.086Z [INFO] [Database] Database connected 🔥 on development mode...
2022-03-12T12:33:07.092Z [INFO] [Bootstrap] Server running 🚀 on port:3000 in development mode...
2022-03-12T12:33:19.300Z [INFO] [Database] Database connected 🔥 on development mode...
2022-03-12T12:33:19.305Z [INFO] [Bootstrap] Server running 🚀 on port:3000 in development mode...
2022-03-12T12:33:28.380Z [INFO] [Database] Database connected 🔥 on development mode...
2022-03-12T12:33:28.387Z [INFO] [Bootstrap] Server running 🚀 on port:3000 in development mode...
2022-03-12T12:33:37.929Z [INFO] [Database] Database connected 🔥 on development mode...
2022-03-12T12:33:37.934Z [INFO] [Bootstrap] Server running 🚀 on port:3000 in development mode...
2022-03-12T12:33:52.260Z [INFO] [Database] Database connected 🔥 on development mode...
2022-03-12T12:33:52.273Z [INFO] [Bootstrap] Server running 🚀 on port:3000 in development mode...
2022-03-12T12:34:05.542Z [INFO] [Database] Database connected 🔥 on development mode...
2022-03-12T12:34:05.547Z [INFO] [Bootstrap] Server running 🚀 on port:3000 in development mode...
2022-03-12T12:34:21.453Z [INFO] [Database] Database connected 🔥 on development mode...
2022-03-12T12:34:21.458Z [INFO] [Bootstrap] Server running 🚀 on port:3000 in development mode...
2022-03-12T12:34:29.403Z [ERROR] 500 - /api/v1/user/role [POST] - Cannot read property 'findOne' of undefined 
2022-03-12T12:35:02.424Z [INFO] [Database] Database connected 🔥 on development mode...
2022-03-12T12:35:02.432Z [INFO] [Bootstrap] Server running 🚀 on port:3000 in development mode...
2022-03-12T12:35:05.507Z [ERROR] 500 - /api/v1/user/role [POST] - Cannot read property 'findOne' of undefined 
2022-03-12T12:36:20.330Z [INFO] [Database] Database connected 🔥 on development mode...
2022-03-12T12:36:20.338Z [INFO] [Bootstrap] Server running 🚀 on port:3000 in development mode...
2022-03-12T12:36:24.876Z [ERROR] 500 - /api/v1/user/role [POST] - Cannot read property 'findOne' of undefined 
2022-03-12T12:36:33.127Z [INFO] [Database] Database connected 🔥 on development mode...
2022-03-12T12:36:33.132Z [INFO] [Bootstrap] Server running 🚀 on port:3000 in development mode...
2022-03-12T12:37:12.391Z [INFO] [Database] Database connected 🔥 on development mode...
2022-03-12T12:37:12.397Z [INFO] [Bootstrap] Server running 🚀 on port:3000 in development mode...
2022-03-12T12:37:20.334Z [INFO] [Database] Database connected 🔥 on development mode...
2022-03-12T12:37:20.341Z [INFO] [Bootstrap] Server running 🚀 on port:3000 in development mode...
2022-03-12T12:37:23.125Z [ERROR] 500 - /api/v1/user/role [POST] - Cannot read property 'create' of undefined 
2022-03-12T12:37:29.980Z [INFO] [Database] Database connected 🔥 on development mode...
2022-03-12T12:37:29.984Z [INFO] [Bootstrap] Server running 🚀 on port:3000 in development mode...
2022-03-12T12:39:28.318Z [INFO] [Database] Database connected 🔥 on development mode...
2022-03-12T12:39:28.325Z [INFO] [Bootstrap] Server running 🚀 on port:3000 in development mode...
2022-03-12T12:40:07.550Z [INFO] [Database] Database connected 🔥 on development mode...
2022-03-12T12:40:07.555Z [INFO] [Bootstrap] Server running 🚀 on port:3000 in development mode...
2022-03-12T12:40:10.182Z [INFO] 200 - /api/v1/user/role [POST] - 'User roles created successfully!' 
2022-03-12T12:40:33.296Z [INFO] [Database] Database connected 🔥 on development mode...
2022-03-12T12:40:33.302Z [INFO] [Bootstrap] Server running 🚀 on port:3000 in development mode...
2022-03-12T12:40:36.588Z [ERROR] 502 - /api/v1/user/role [POST] - Already exist 
2022-03-12T12:40:50.636Z [INFO] [Database] Database connected 🔥 on development mode...
2022-03-12T12:40:50.641Z [INFO] [Bootstrap] Server running 🚀 on port:3000 in development mode...
2022-03-12T12:40:54.088Z [ERROR] 502 - /api/v1/user/role [POST] - Already exist 
2022-03-12T12:41:05.619Z [INFO] [Database] Database connected 🔥 on development mode...
2022-03-12T12:41:05.624Z [INFO] [Bootstrap] Server running 🚀 on port:3000 in development mode...
2022-03-12T12:41:19.563Z [INFO] [Database] Database connected 🔥 on development mode...
2022-03-12T12:41:19.568Z [INFO] [Bootstrap] Server running 🚀 on port:3000 in development mode...
2022-03-12T12:41:51.560Z [INFO] [Database] Database connected 🔥 on development mode...
2022-03-12T12:41:51.566Z [INFO] [Bootstrap] Server running 🚀 on port:3000 in development mode...
2022-03-12T12:42:01.995Z [INFO] [Database] Database connected 🔥 on development mode...
2022-03-12T12:42:02.001Z [INFO] [Bootstrap] Server running 🚀 on port:3000 in development mode...
2022-03-12T12:42:04.290Z [ERROR] 500 - /api/v1/user/role [POST] - role must be unique 
2022-03-12T12:42:09.479Z [INFO] [Database] Database connected 🔥 on development mode...
2022-03-12T12:42:09.485Z [INFO] [Bootstrap] Server running 🚀 on port:3000 in development mode...
2022-03-12T12:42:30.483Z [INFO] [Database] Database connected 🔥 on development mode...
2022-03-12T12:42:30.488Z [INFO] [Bootstrap] Server running 🚀 on port:3000 in development mode...
2022-03-12T12:43:25.553Z [ERROR] 401 - /api/v1/user/role [GET] - You are not logged in! Please log in to get access. 
2022-03-12T12:43:53.814Z [INFO] [Database] Database connected 🔥 on development mode...
2022-03-12T12:43:53.820Z [INFO] [Bootstrap] Server running 🚀 on port:3000 in development mode...
2022-03-12T12:43:59.710Z [INFO] [Database] Database connected 🔥 on development mode...
2022-03-12T12:43:59.716Z [INFO] [Bootstrap] Server running 🚀 on port:3000 in development mode...
2022-03-12T12:44:04.222Z [INFO] [Database] Database connected 🔥 on development mode...
2022-03-12T12:44:04.240Z [INFO] [Bootstrap] Server running 🚀 on port:3000 in development mode...
2022-03-12T12:44:07.460Z [INFO] 200 - /api/v1/user/role [GET] - 'User roles fetched successfully!' 
2022-03-12T12:45:34.384Z [INFO] 200 - /api/v1/user/role [GET] - 'User roles fetched successfully!' 
2022-03-12T12:45:36.886Z [INFO] 200 - /api/v1/user/role [GET] - 'User roles fetched successfully!' 
2022-03-12T12:45:44.113Z [INFO] [Database] Database connected 🔥 on development mode...
2022-03-12T12:45:44.118Z [INFO] [Bootstrap] Server running 🚀 on port:3000 in development mode...
2022-03-12T12:45:45.634Z [ERROR] 401 - /api/v1/user/role [GET] - You are not logged in! Please log in to get access. 
2022-03-12T12:47:41.046Z [INFO] [Database] Database connected 🔥 on development mode...
2022-03-12T12:47:41.054Z [INFO] [Bootstrap] Server running 🚀 on port:3000 in development mode...
2022-03-12T12:47:55.568Z [INFO] [Database] Database connected 🔥 on development mode...
2022-03-12T12:47:55.575Z [INFO] [Bootstrap] Server running 🚀 on port:3000 in development mode...
2022-03-12T12:48:01.424Z [INFO] [Database] Database connected 🔥 on development mode...
2022-03-12T12:48:01.429Z [INFO] [Bootstrap] Server running 🚀 on port:3000 in development mode...
2022-03-12T12:48:09.833Z [INFO] [Database] Database connected 🔥 on development mode...
2022-03-12T12:48:09.839Z [INFO] [Bootstrap] Server running 🚀 on port:3000 in development mode...
2022-03-12T12:48:23.995Z [INFO] [Database] Database connected 🔥 on development mode...
2022-03-12T12:48:24.007Z [INFO] [Bootstrap] Server running 🚀 on port:3000 in development mode...
2022-03-12T12:48:37.347Z [INFO] [Database] Database connected 🔥 on development mode...
2022-03-12T12:48:37.353Z [INFO] [Bootstrap] Server running 🚀 on port:3000 in development mode...
2022-03-12T12:48:47.516Z [INFO] [Database] Database connected 🔥 on development mode...
2022-03-12T12:48:47.521Z [INFO] [Bootstrap] Server running 🚀 on port:3000 in development mode...
2022-03-12T12:48:50.135Z [INFO] [Database] Database connected 🔥 on development mode...
2022-03-12T12:48:50.142Z [INFO] [Bootstrap] Server running 🚀 on port:3000 in development mode...
2022-03-12T12:49:00.291Z [INFO] [Database] Database connected 🔥 on development mode...
2022-03-12T12:49:00.296Z [INFO] [Bootstrap] Server running 🚀 on port:3000 in development mode...
2022-03-12T12:49:37.747Z [INFO] [Database] Database connected 🔥 on development mode...
2022-03-12T12:49:37.753Z [INFO] [Bootstrap] Server running 🚀 on port:3000 in development mode...
2022-03-12T12:50:03.061Z [INFO] [Database] Database connected 🔥 on development mode...
2022-03-12T12:50:03.067Z [INFO] [Bootstrap] Server running 🚀 on port:3000 in development mode...
2022-03-12T12:50:14.147Z [INFO] [Database] Database connected 🔥 on development mode...
2022-03-12T12:50:14.152Z [INFO] [Bootstrap] Server running 🚀 on port:3000 in development mode...
2022-03-12T12:50:23.281Z [INFO] [Database] Database connected 🔥 on development mode...
2022-03-12T12:50:23.285Z [INFO] [Bootstrap] Server running 🚀 on port:3000 in development mode...
2022-03-12T12:50:27.636Z [INFO] [Database] Database connected 🔥 on development mode...
2022-03-12T12:50:27.642Z [INFO] [Bootstrap] Server running 🚀 on port:3000 in development mode...
2022-03-12T12:50:52.658Z [INFO] [Database] Database connected 🔥 on development mode...
2022-03-12T12:50:52.663Z [INFO] [Bootstrap] Server running 🚀 on port:3000 in development mode...
2022-03-12T12:50:59.195Z [INFO] [Database] Database connected 🔥 on development mode...
2022-03-12T12:50:59.200Z [INFO] [Bootstrap] Server running 🚀 on port:3000 in development mode...
2022-03-12T12:51:11.520Z [INFO] [Database] Database connected 🔥 on development mode...
2022-03-12T12:51:11.526Z [INFO] [Bootstrap] Server running 🚀 on port:3000 in development mode...
2022-03-12T12:52:19.438Z [INFO] [Database] Database connected 🔥 on development mode...
2022-03-12T12:52:19.444Z [INFO] [Bootstrap] Server running 🚀 on port:3000 in development mode...
2022-03-12T12:52:31.338Z [INFO] [Database] Database connected 🔥 on development mode...
2022-03-12T12:52:31.344Z [INFO] [Bootstrap] Server running 🚀 on port:3000 in development mode...
2022-03-12T12:52:39.609Z [INFO] [Database] Database connected 🔥 on development mode...
2022-03-12T12:52:39.616Z [INFO] [Bootstrap] Server running 🚀 on port:3000 in development mode...
2022-03-12T12:53:05.449Z [INFO] [Database] Database connected 🔥 on development mode...
2022-03-12T12:53:05.454Z [INFO] [Bootstrap] Server running 🚀 on port:3000 in development mode...
2022-03-12T12:53:47.153Z [INFO] [Database] Database connected 🔥 on development mode...
2022-03-12T12:53:47.158Z [INFO] [Bootstrap] Server running 🚀 on port:3000 in development mode...
2022-03-12T13:36:39.881Z [INFO] [Database] Database connected 🔥 on development mode...
2022-03-12T13:36:39.886Z [INFO] [Bootstrap] Server running 🚀 on port:3000 in development mode...
2022-03-12T16:37:22.854Z [INFO] [Database] Database connected 🔥 on development mode...
2022-03-12T16:37:22.860Z [INFO] [Bootstrap] Server running 🚀 on port:3000 in development mode...
2022-03-12T16:37:38.104Z [INFO] [Database] Database connected 🔥 on development mode...
2022-03-12T16:37:38.109Z [INFO] [Bootstrap] Server running 🚀 on port:3000 in development mode...
2022-03-12T16:37:43.390Z [INFO] [Database] Database connected 🔥 on development mode...
2022-03-12T16:37:43.396Z [INFO] [Bootstrap] Server running 🚀 on port:3000 in development mode...
2022-03-12T16:38:04.535Z [INFO] 200 - /api/v1/user/role [POST] - 'User roles created successfully!' 
2022-03-12T16:38:15.296Z [ERROR] 422 - /api/v1/user/role [POST] - "role" must be one of [user, admin] 
2022-03-12T16:39:08.684Z [ERROR] 500 - /api/v1/user/role [GET] - Cannot destructure property 'page' of 'undefined' as it is undefined. 
2022-03-12T16:39:17.924Z [INFO] [Database] Database connected 🔥 on development mode...
2022-03-12T16:39:17.929Z [INFO] [Bootstrap] Server running 🚀 on port:3000 in development mode...
2022-03-12T16:39:47.330Z [INFO] [Database] Database connected 🔥 on development mode...
2022-03-12T16:39:47.336Z [INFO] [Bootstrap] Server running 🚀 on port:3000 in development mode...
2022-03-12T16:39:50.560Z [ERROR] 500 - /api/v1/user/role [GET] - Cannot destructure property 'page' of 'undefined' as it is undefined. 
2022-03-12T16:40:00.410Z [INFO] [Database] Database connected 🔥 on development mode...
2022-03-12T16:40:00.417Z [INFO] [Bootstrap] Server running 🚀 on port:3000 in development mode...
2022-03-12T16:40:03.519Z [ERROR] 500 - /api/v1/user/role [GET] - Cannot destructure property 'page' of 'undefined' as it is undefined. 
2022-03-12T16:40:17.243Z [INFO] [Database] Database connected 🔥 on development mode...
2022-03-12T16:40:17.250Z [INFO] [Bootstrap] Server running 🚀 on port:3000 in development mode...
2022-03-12T16:40:22.370Z [ERROR] 500 - /api/v1/user/role [GET] - Cannot destructure property 'page' of 'undefined' as it is undefined. 
2022-03-12T16:40:30.639Z [ERROR] 500 - /api/v1/user/role [GET] - Cannot destructure property 'page' of 'undefined' as it is undefined. 
2022-03-12T16:41:29.410Z [INFO] [Database] Database connected 🔥 on development mode...
2022-03-12T16:41:29.415Z [INFO] [Bootstrap] Server running 🚀 on port:3000 in development mode...
2022-03-12T16:41:33.415Z [INFO] 200 - /api/v1/user/role [GET] - 'User roles fetched successfully!' 
2022-03-12T16:41:45.813Z [INFO] [Database] Database connected 🔥 on development mode...
2022-03-12T16:41:45.818Z [INFO] [Bootstrap] Server running 🚀 on port:3000 in development mode...
2022-03-12T16:41:48.834Z [ERROR] 500 - /api/v1/user/role [GET] - Cannot read property 'paginate' of undefined 
2022-03-12T16:42:27.135Z [INFO] [Database] Database connected 🔥 on development mode...
2022-03-12T16:42:27.141Z [INFO] [Bootstrap] Server running 🚀 on port:3000 in development mode...
2022-03-12T16:42:30.743Z [ERROR] 500 - /api/v1/user/role [GET] - Cannot read property 'paginate' of undefined 
2022-03-12T16:43:08.743Z [INFO] [Database] Database connected 🔥 on development mode...
2022-03-12T16:43:08.750Z [INFO] [Bootstrap] Server running 🚀 on port:3000 in development mode...
2022-03-12T16:43:11.356Z [ERROR] 500 - /api/v1/user/role [GET] - Cannot read property 'paginate' of undefined 
2022-03-12T16:43:20.988Z [INFO] [Database] Database connected 🔥 on development mode...
2022-03-12T16:43:20.994Z [INFO] [Bootstrap] Server running 🚀 on port:3000 in development mode...
2022-03-12T16:43:21.817Z [ERROR] 500 - /api/v1/user/role [GET] - Cannot read property 'paginate' of undefined 
2022-03-12T16:43:26.365Z [INFO] [Database] Database connected 🔥 on development mode...
2022-03-12T16:43:26.370Z [INFO] [Bootstrap] Server running 🚀 on port:3000 in development mode...
2022-03-12T16:43:41.807Z [INFO] [Database] Database connected 🔥 on development mode...
2022-03-12T16:43:41.812Z [INFO] [Bootstrap] Server running 🚀 on port:3000 in development mode...
2022-03-12T16:44:00.825Z [INFO] [Database] Database connected 🔥 on development mode...
2022-03-12T16:44:00.830Z [INFO] [Bootstrap] Server running 🚀 on port:3000 in development mode...
2022-03-12T16:44:06.002Z [ERROR] 500 - /api/v1/user/role [GET] - Cannot read property 'paginate' of undefined 
2022-03-12T16:44:31.322Z [INFO] [Database] Database connected 🔥 on development mode...
2022-03-12T16:44:31.328Z [INFO] [Bootstrap] Server running 🚀 on port:3000 in development mode...
2022-03-12T16:45:27.336Z [INFO] [Database] Database connected 🔥 on development mode...
2022-03-12T16:45:27.340Z [INFO] [Bootstrap] Server running 🚀 on port:3000 in development mode...
2022-03-12T16:45:29.441Z [INFO] 200 - /api/v1/user/role [GET] - 'User roles fetched successfully!' 
2022-03-12T16:46:19.405Z [INFO] [Database] Database connected 🔥 on development mode...
2022-03-12T16:46:19.410Z [INFO] [Bootstrap] Server running 🚀 on port:3000 in development mode...
2022-03-12T16:46:22.269Z [INFO] 200 - /api/v1/user/role [GET] - 'User roles fetched successfully!' 
2022-03-12T16:46:41.128Z [INFO] [Database] Database connected 🔥 on development mode...
2022-03-12T16:46:41.134Z [INFO] [Bootstrap] Server running 🚀 on port:3000 in development mode...
2022-03-12T16:46:43.346Z [INFO] 200 - /api/v1/user/role [GET] - 'User roles fetched successfully!' 
2022-03-12T16:48:14.823Z [INFO] [Database] Database connected 🔥 on development mode...
2022-03-12T16:48:14.829Z [INFO] [Bootstrap] Server running 🚀 on port:3000 in development mode...
2022-03-12T16:48:23.801Z [INFO] [Database] Database connected 🔥 on development mode...
2022-03-12T16:48:23.806Z [INFO] [Bootstrap] Server running 🚀 on port:3000 in development mode...
2022-03-12T16:48:29.316Z [INFO] 200 - /api/v1/user/role [GET] - 'User roles fetched successfully!' 
2022-03-12T16:48:42.042Z [INFO] [Database] Database connected 🔥 on development mode...
2022-03-12T16:48:42.047Z [INFO] [Bootstrap] Server running 🚀 on port:3000 in development mode...
2022-03-12T16:48:42.519Z [INFO] 200 - /api/v1/user/role [GET] - 'User roles fetched successfully!' 
2022-03-12T16:48:50.164Z [INFO] [Database] Database connected 🔥 on development mode...
2022-03-12T16:48:50.169Z [INFO] [Bootstrap] Server running 🚀 on port:3000 in development mode...
2022-03-12T16:48:51.440Z [INFO] 200 - /api/v1/user/role [GET] - 'User roles fetched successfully!' 
2022-03-12T16:49:08.261Z [INFO] [Database] Database connected 🔥 on development mode...
2022-03-12T16:49:08.266Z [INFO] [Bootstrap] Server running 🚀 on port:3000 in development mode...
2022-03-12T16:49:11.946Z [INFO] [Database] Database connected 🔥 on development mode...
2022-03-12T16:49:11.952Z [INFO] [Bootstrap] Server running 🚀 on port:3000 in development mode...
2022-03-12T16:49:13.139Z [INFO] 200 - /api/v1/user/role [GET] - 'User roles fetched successfully!' 
2022-03-12T16:49:26.302Z [INFO] [Database] Database connected 🔥 on development mode...
2022-03-12T16:49:26.308Z [INFO] [Bootstrap] Server running 🚀 on port:3000 in development mode...
2022-03-12T16:49:27.117Z [INFO] 200 - /api/v1/user/role [GET] - 'User roles fetched successfully!' 
2022-03-12T16:49:41.991Z [INFO] [Database] Database connected 🔥 on development mode...
2022-03-12T16:49:41.996Z [INFO] [Bootstrap] Server running 🚀 on port:3000 in development mode...
2022-03-12T16:49:43.683Z [INFO] 200 - /api/v1/user/role [GET] - 'User roles fetched successfully!' 
2022-03-12T16:49:49.231Z [INFO] [Database] Database connected 🔥 on development mode...
2022-03-12T16:49:49.236Z [INFO] [Bootstrap] Server running 🚀 on port:3000 in development mode...
2022-03-12T16:49:50.081Z [INFO] 200 - /api/v1/user/role [GET] - 'User roles fetched successfully!' 
2022-03-12T16:50:22.195Z [INFO] [Database] Database connected 🔥 on development mode...
2022-03-12T16:50:22.200Z [INFO] [Bootstrap] Server running 🚀 on port:3000 in development mode...
2022-03-12T16:50:26.390Z [INFO] 200 - /api/v1/user/role [GET] - 'User roles fetched successfully!' 
2022-03-12T16:50:34.929Z [INFO] [Database] Database connected 🔥 on development mode...
2022-03-12T16:50:34.934Z [INFO] [Bootstrap] Server running 🚀 on port:3000 in development mode...
2022-03-12T16:50:35.902Z [INFO] 200 - /api/v1/user/role [GET] - 'User roles fetched successfully!' 
2022-03-12T16:50:44.019Z [INFO] [Database] Database connected 🔥 on development mode...
2022-03-12T16:50:44.024Z [INFO] [Bootstrap] Server running 🚀 on port:3000 in development mode...
2022-03-12T16:50:45.757Z [INFO] 200 - /api/v1/user/role [GET] - 'User roles fetched successfully!' 
2022-03-12T16:50:47.566Z [INFO] 200 - /api/v1/user/role [GET] - 'User roles fetched successfully!' 
2022-03-12T16:51:03.767Z [INFO] [Database] Database connected 🔥 on development mode...
2022-03-12T16:51:03.773Z [INFO] [Bootstrap] Server running 🚀 on port:3000 in development mode...
2022-03-12T16:51:05.801Z [INFO] 200 - /api/v1/user/role [GET] - 'User roles fetched successfully!' 
2022-03-12T16:51:51.017Z [INFO] [Database] Database connected 🔥 on development mode...
2022-03-12T16:51:51.022Z [INFO] [Bootstrap] Server running 🚀 on port:3000 in development mode...
2022-03-12T16:51:55.681Z [INFO] [Database] Database connected 🔥 on development mode...
2022-03-12T16:51:55.686Z [INFO] [Bootstrap] Server running 🚀 on port:3000 in development mode...
2022-03-12T16:51:58.034Z [INFO] 200 - /api/v1/user/role [GET] - 'User roles fetched successfully!' 
2022-03-12T16:52:07.159Z [INFO] [Database] Database connected 🔥 on development mode...
2022-03-12T16:52:07.165Z [INFO] [Bootstrap] Server running 🚀 on port:3000 in development mode...
2022-03-12T16:52:07.486Z [INFO] 200 - /api/v1/user/role [GET] - 'User roles fetched successfully!' 
2022-03-12T16:52:12.708Z [INFO] [Database] Database connected 🔥 on development mode...
2022-03-12T16:52:12.712Z [INFO] [Bootstrap] Server running 🚀 on port:3000 in development mode...
2022-03-12T16:52:12.912Z [INFO] 200 - /api/v1/user/role [GET] - 'User roles fetched successfully!' 
2022-03-12T16:52:19.572Z [INFO] [Database] Database connected 🔥 on development mode...
2022-03-12T16:52:19.577Z [INFO] [Bootstrap] Server running 🚀 on port:3000 in development mode...
2022-03-12T16:52:19.729Z [INFO] 200 - /api/v1/user/role [GET] - 'User roles fetched successfully!' 
2022-03-12T16:52:36.606Z [INFO] [Database] Database connected 🔥 on development mode...
2022-03-12T16:52:36.611Z [INFO] [Bootstrap] Server running 🚀 on port:3000 in development mode...
2022-03-12T16:52:39.407Z [INFO] 200 - /api/v1/user/role [GET] - 'User roles fetched successfully!' 
2022-03-12T16:52:49.834Z [INFO] [Database] Database connected 🔥 on development mode...
2022-03-12T16:52:49.843Z [INFO] [Bootstrap] Server running 🚀 on port:3000 in development mode...
2022-03-12T16:52:58.844Z [INFO] [Database] Database connected 🔥 on development mode...
2022-03-12T16:52:58.849Z [INFO] [Bootstrap] Server running 🚀 on port:3000 in development mode...
2022-03-12T16:53:02.398Z [INFO] 200 - /api/v1/user/role [GET] - 'User roles fetched successfully!' 
2022-03-12T16:53:14.588Z [ERROR] 401 - /api/v1/user/role/1 [PUT] - You are not logged in! Please log in to get access. 
2022-03-12T16:53:27.040Z [INFO] [Database] Database connected 🔥 on development mode...
2022-03-12T16:53:27.045Z [INFO] [Bootstrap] Server running 🚀 on port:3000 in development mode...
2022-03-12T16:53:28.319Z [INFO] 200 - /api/v1/user/role/1 [PUT] - 'User role updated successfully!' 
2022-03-12T16:53:46.836Z [INFO] 200 - /api/v1/user/role [GET] - 'User roles fetched successfully!' 
2022-03-12T16:55:27.739Z [INFO] [Database] Database connected 🔥 on development mode...
2022-03-12T16:55:27.744Z [INFO] [Bootstrap] Server running 🚀 on port:3000 in development mode...
2022-03-12T16:55:54.612Z [INFO] [Database] Database connected 🔥 on development mode...
2022-03-12T16:55:54.618Z [INFO] [Bootstrap] Server running 🚀 on port:3000 in development mode...
2022-03-12T16:55:56.678Z [INFO] [Database] Database connected 🔥 on development mode...
2022-03-12T16:55:56.683Z [INFO] [Bootstrap] Server running 🚀 on port:3000 in development mode...
2022-03-12T16:55:58.264Z [INFO] 200 - /api/v1/user/role/1 [PUT] - 'User role updated successfully!' 
2022-03-12T16:56:07.364Z [INFO] [Database] Database connected 🔥 on development mode...
2022-03-12T16:56:07.368Z [INFO] [Bootstrap] Server running 🚀 on port:3000 in development mode...
2022-03-12T16:56:41.024Z [INFO] [Database] Database connected 🔥 on development mode...
2022-03-12T16:56:41.029Z [INFO] [Bootstrap] Server running 🚀 on port:3000 in development mode...
2022-03-12T16:56:43.253Z [INFO] 200 - /api/v1/user/role/1 [PUT] - 'User role updated successfully!' 
2022-03-12T16:56:49.374Z [INFO] [Database] Database connected 🔥 on development mode...
2022-03-12T16:56:49.378Z [INFO] [Bootstrap] Server running 🚀 on port:3000 in development mode...
2022-03-12T16:57:04.180Z [INFO] [Database] Database connected 🔥 on development mode...
2022-03-12T16:57:04.186Z [INFO] [Bootstrap] Server running 🚀 on port:3000 in development mode...
2022-03-12T16:57:06.197Z [INFO] 200 - /api/v1/user/role/1 [PUT] - 'User role updated successfully!' 
2022-03-12T16:57:09.361Z [INFO] 200 - /api/v1/user/role/1 [PUT] - 'User role updated successfully!' 
2022-03-12T16:57:15.224Z [INFO] 200 - /api/v1/user/role [GET] - 'User roles fetched successfully!' 
2022-03-12T16:57:20.919Z [INFO] [Database] Database connected 🔥 on development mode...
2022-03-12T16:57:20.924Z [INFO] [Bootstrap] Server running 🚀 on port:3000 in development mode...
2022-03-12T16:58:13.063Z [INFO] [Database] Database connected 🔥 on development mode...
2022-03-12T16:58:13.067Z [INFO] [Bootstrap] Server running 🚀 on port:3000 in development mode...
2022-03-12T16:59:23.045Z [INFO] [Database] Database connected 🔥 on development mode...
2022-03-12T16:59:23.050Z [INFO] [Bootstrap] Server running 🚀 on port:3000 in development mode...
2022-03-12T16:59:28.230Z [INFO] 200 - /api/v1/user/role/1 [PUT] - 'User role updated successfully!' 
2022-03-12T16:59:31.688Z [INFO] 200 - /api/v1/user/role/1 [PUT] - 'User role updated successfully!' 
2022-03-12T16:59:51.449Z [INFO] [Database] Database connected 🔥 on development mode...
2022-03-12T16:59:51.454Z [INFO] [Bootstrap] Server running 🚀 on port:3000 in development mode...
2022-03-12T16:59:53.678Z [INFO] 200 - /api/v1/user/role/1 [PUT] - 'User role updated successfully!' 
2022-03-12T17:00:05.672Z [INFO] [Database] Database connected 🔥 on development mode...
2022-03-12T17:00:05.677Z [INFO] [Bootstrap] Server running 🚀 on port:3000 in development mode...
2022-03-12T17:00:08.228Z [INFO] 200 - /api/v1/user/role/1 [PUT] - 'User role updated successfully!' 
2022-03-12T17:00:13.616Z [INFO] 200 - /api/v1/user/role/1 [PUT] - 'User role updated successfully!' 
2022-03-12T17:00:35.328Z [INFO] [Database] Database connected 🔥 on development mode...
2022-03-12T17:00:35.334Z [INFO] [Bootstrap] Server running 🚀 on port:3000 in development mode...
2022-03-12T17:00:36.692Z [INFO] 200 - /api/v1/user/role/1 [PUT] - 'User role updated successfully!' 
2022-03-12T17:00:44.048Z [INFO] 200 - /api/v1/user/role [GET] - 'User roles fetched successfully!' 
2022-03-12T17:00:52.574Z [INFO] [Database] Database connected 🔥 on development mode...
2022-03-12T17:00:52.578Z [INFO] [Bootstrap] Server running 🚀 on port:3000 in development mode...
2022-03-12T17:01:03.371Z [INFO] [Database] Database connected 🔥 on development mode...
2022-03-12T17:01:03.376Z [INFO] [Bootstrap] Server running 🚀 on port:3000 in development mode...
2022-03-12T17:01:07.853Z [INFO] 200 - /api/v1/user/role/1 [PUT] - 'User role updated successfully!' 
2022-03-12T17:01:14.033Z [INFO] 200 - /api/v1/user/role/1 [PUT] - 'User role updated successfully!' 
2022-03-12T17:01:29.154Z [INFO] 200 - /api/v1/user/role/1 [PUT] - 'User role updated successfully!' 
2022-03-12T17:01:38.238Z [INFO] [Database] Database connected 🔥 on development mode...
2022-03-12T17:01:38.244Z [INFO] [Bootstrap] Server running 🚀 on port:3000 in development mode...
2022-03-12T17:01:44.263Z [INFO] [Database] Database connected 🔥 on development mode...
2022-03-12T17:01:44.268Z [INFO] [Bootstrap] Server running 🚀 on port:3000 in development mode...
2022-03-12T17:01:47.102Z [INFO] 200 - /api/v1/user/role/1 [PUT] - 'User role updated successfully!' 
2022-03-12T17:01:53.916Z [INFO] 200 - /api/v1/user/role/1 [PUT] - 'User role updated successfully!' 
2022-03-12T17:02:03.168Z [INFO] 200 - /api/v1/user/role/1 [PUT] - 'User role updated successfully!' 
2022-03-12T17:02:08.677Z [INFO] 200 - /api/v1/user/role [GET] - 'User roles fetched successfully!' 
2022-03-12T17:03:24.718Z [INFO] [Database] Database connected 🔥 on development mode...
2022-03-12T17:03:24.723Z [INFO] [Bootstrap] Server running 🚀 on port:3000 in development mode...
2022-03-12T17:03:46.734Z [INFO] [Database] Database connected 🔥 on development mode...
2022-03-12T17:03:46.740Z [INFO] [Bootstrap] Server running 🚀 on port:3000 in development mode...
2022-03-12T17:04:30.634Z [INFO] [Database] Database connected 🔥 on development mode...
2022-03-12T17:04:30.639Z [INFO] [Bootstrap] Server running 🚀 on port:3000 in development mode...
2022-03-12T17:04:38.465Z [INFO] [Database] Database connected 🔥 on development mode...
2022-03-12T17:04:38.470Z [INFO] [Bootstrap] Server running 🚀 on port:3000 in development mode...
